<?xml version="1.0" encoding="UTF-8"?>
<testsuite xmlns:xsi="http://www.w3.org/2001/XMLSchema-instance" xsi:noNamespaceSchemaLocation="https://maven.apache.org/surefire/maven-surefire-plugin/xsd/surefire-test-report.xsd" version="3.0.2" name="aprimorar.ModuleVerificationTest" time="3.245" tests="1" errors="0" skipped="0" failures="0">
  <properties>
[...]
</properties>
  <testcase name="verifyModuleStructure" classname="aprimorar.ModuleVerificationTest" time="3.244">
    <system-out><![CDATA[&amp#27;[2m2026-05-30T10:52:01.937-03:00&amp#27;[0;39m &amp#27;[32m INFO&amp#27;[0;39m &amp#27;[35m123075&amp#27;[0;39m &amp#27;[2m--- [aprimorar-api] [           main] &amp#27;[0;39m&amp#27;[36mcom.tngtech.archunit.core.PluginLoader  &amp#27;[0;39m &amp#27;[2m:&amp#27;[0;39m Detected Java version 25.0.3
]]></system-out>
  </testcase>
</testsuite>